生成启动时间为 2018\8\3 星期五 17:54:16。
     1>项目“C:\Users\Administrator\documents\visual studio 2013\Projects\2048\2048\2048.vcxproj”在节点 2 上(Build 个目标)。
     1>ClCompile:
         D:\VS\VC\bin\CL.exe /c /ZI /nologo /W3 /WX- /Od /Oy- /D WIN32 /D _DEBUG /D _CONSOLE /D _LIB /D _UNICODE /D UNICODE /Gm /EHsc /RTC1 /MDd /GS /fp:precise /Zc:wchar_t /Zc:forScope /Fo"Debug\\" /Fd"Debug\vc120.pdb" /Gd /TP /analyze- /errorReport:prompt "源.cpp"
         源.cpp
     1>c:\users\administrator\documents\visual studio 2013\projects\2048\2048\源.cpp(28): warning C4244: “参数”: 从“time_t”转换到“unsigned int”，可能丢失数据
     1>c:\users\administrator\documents\visual studio 2013\projects\2048\2048\源.cpp(53): warning C4996: 'getch': The POSIX name for this item is deprecated. Instead, use the ISO C++ conformant name: _getch. See online help for details.
                 d:\vs\vc\include\conio.h(131) : 参见“getch”的声明
     1>c:\users\administrator\documents\visual studio 2013\projects\2048\2048\源.cpp(101): warning C4996: 'getch': The POSIX name for this item is deprecated. Instead, use the ISO C++ conformant name: _getch. See online help for details.
                 d:\vs\vc\include\conio.h(131) : 参见“getch”的声明
     1>c:\users\administrator\documents\visual studio 2013\projects\2048\2048\源.cpp(108): warning C4996: 'getch': The POSIX name for this item is deprecated. Instead, use the ISO C++ conformant name: _getch. See online help for details.
                 d:\vs\vc\include\conio.h(131) : 参见“getch”的声明
     1>c:\users\administrator\documents\visual studio 2013\projects\2048\2048\源.cpp(148): warning C4996: '_swprintf': This function or variable may be unsafe. Consider using _swprintf_s instead. To disable deprecation, use _CRT_SECURE_NO_WARNINGS. See online help for details.
                 d:\vs\vc\include\stdio.h(533) : 参见“_swprintf”的声明
       Link:
         D:\VS\VC\bin\link.exe /ERRORREPORT:PROMPT /OUT:"C:\Users\Administrator\documents\visual studio 2013\Projects\2048\Debug\2048.exe" /INCREMENTAL /NOLOGO kernel32.lib user32.lib gdi32.lib winspool.lib comdlg32.lib advapi32.lib shell32.lib ole32.lib oleaut32.lib uuid.lib odbc32.lib odbccp32.lib /MANIFEST /MANIFESTUAC:"level='asInvoker' uiAccess='false'" /manifest:embed /DEBUG /PDB:"C:\Users\Administrator\documents\visual studio 2013\Projects\2048\Debug\2048.pdb" /SUBSYSTEM:CONSOLE /TLBID:1 /DYNAMICBASE /NXCOMPAT /IMPLIB:"C:\Users\Administrator\documents\visual studio 2013\Projects\2048\Debug\2048.lib" /MACHINE:X86 "Debug\源.obj"
         2048.vcxproj -> C:\Users\Administrator\documents\visual studio 2013\Projects\2048\Debug\2048.exe
     1>已完成生成项目“C:\Users\Administrator\documents\visual studio 2013\Projects\2048\2048\2048.vcxproj”(Build 个目标)的操作。

生成成功。

已用时间 00:00:01.04
